Library/Bee/Android/Prj/IL2CPP/Gradle/launcher/build/intermediates/manifest_merge_blame_file/release/manifest-merger-blame-release-report.txt
1<?xml version="1.0" encoding="utf-8"?>
2<manifest xmlns:android="http://schemas.android.com/apk/res/android"
3    package="com.Unity.CreateWithVR"
4    android:installLocation="preferExternal"
5    android:versionCode="1"
6    android:versionName="0.1.0" >
7
8    <uses-sdk
9        android:minSdkVersion="29"
9-->src/main/AndroidManifest.xml
10        android:targetSdkVersion="32" />
10-->src/main/AndroidManifest.xml
11
12    <supports-screens
12-->src/main/AndroidManifest.xml:4:3-163
13        android:anyDensity="true"
13-->src/main/AndroidManifest.xml:4:135-160
14        android:largeScreens="true"
14-->src/main/AndroidManifest.xml:4:78-105
15        android:normalScreens="true"
15-->src/main/AndroidManifest.xml:4:49-77
16        android:smallScreens="true"
16-->src/main/AndroidManifest.xml:4:21-48
17        android:xlargeScreens="true" />
17-->src/main/AndroidManifest.xml:4:106-134
18
19    <uses-permission android:name="android.permission.INTERNET" />
19-->[:unityLibrary] AndroidManifest.xml:11:5-67
19-->[:unityLibrary] AndroidManifest.xml:11:22-64
20
21    <uses-feature android:glEsVersion="0x00030000" />
21-->[:unityLibrary] AndroidManifest.xml:13:5-54
21-->[:unityLibrary] AndroidManifest.xml:13:19-51
22    <uses-feature
22-->[:unityLibrary] AndroidManifest.xml:14:5-16:36
23        android:name="android.hardware.touchscreen"
23-->[:unityLibrary] AndroidManifest.xml:15:9-52
24        android:required="false" />
24-->[:unityLibrary] AndroidManifest.xml:16:9-33
25    <uses-feature
25-->[:unityLibrary] AndroidManifest.xml:17:5-19:36
26        android:name="android.hardware.touchscreen.multitouch"
26-->[:unityLibrary] AndroidManifest.xml:18:9-63
27        android:required="false" />
27-->[:unityLibrary] AndroidManifest.xml:19:9-33
28    <uses-feature
28-->[:unityLibrary] AndroidManifest.xml:20:5-22:36
29        android:name="android.hardware.touchscreen.multitouch.distinct"
29-->[:unityLibrary] AndroidManifest.xml:21:9-72
30        android:required="false" />
30-->[:unityLibrary] AndroidManifest.xml:22:9-33
31    <uses-feature
31-->[:unityLibrary] AndroidManifest.xml:23:5-26:31
32        android:name="android.hardware.vr.headtracking"
32-->[:unityLibrary] AndroidManifest.xml:24:9-56
33        android:required="true"
33-->[:unityLibrary] AndroidManifest.xml:25:9-32
34        android:version="1" />
34-->[:unityLibrary] AndroidManifest.xml:26:9-28
35
36    <application
36-->src/main/AndroidManifest.xml:3:3-83
37        android:extractNativeLibs="true"
37-->[:unityLibrary] AndroidManifest.xml:28:18-50
38        android:icon="@mipmap/app_icon"
38-->src/main/AndroidManifest.xml:3:49-80
39        android:label="@string/app_name" >
39-->src/main/AndroidManifest.xml:3:16-48
40        <meta-data
40-->[:unityLibrary] AndroidManifest.xml:29:9-31:33
41            android:name="unity.splash-mode"
41-->[:unityLibrary] AndroidManifest.xml:30:13-45
42            android:value="0" />
42-->[:unityLibrary] AndroidManifest.xml:31:13-30
43        <meta-data
43-->[:unityLibrary] AndroidManifest.xml:32:9-34:36
44            android:name="unity.splash-enable"
44-->[:unityLibrary] AndroidManifest.xml:33:13-47
45            android:value="True" />
45-->[:unityLibrary] AndroidManifest.xml:34:13-33
46        <meta-data
46-->[:unityLibrary] AndroidManifest.xml:35:9-37:36
47            android:name="unity.launch-fullscreen"
47-->[:unityLibrary] AndroidManifest.xml:36:13-51
48            android:value="True" />
48-->[:unityLibrary] AndroidManifest.xml:37:13-33
49        <meta-data
49-->[:unityLibrary] AndroidManifest.xml:38:9-40:50
50            android:name="notch.config"
50-->[:unityLibrary] AndroidManifest.xml:39:13-40
51            android:value="portrait|landscape" />
51-->[:unityLibrary] AndroidManifest.xml:40:13-47
52        <meta-data
52-->[:unityLibrary] AndroidManifest.xml:41:9-43:36
53            android:name="unity.auto-report-fully-drawn"
53-->[:unityLibrary] AndroidManifest.xml:42:13-57
54            android:value="true" />
54-->[:unityLibrary] AndroidManifest.xml:43:13-33
55
56        <activity
56-->[:unityLibrary] AndroidManifest.xml:45:9-71:20
57            android:name="com.unity3d.player.UnityPlayerActivity"
57-->[:unityLibrary] AndroidManifest.xml:46:13-66
58            android:configChanges="keyboard|keyboardHidden|navigation|orientation|screenLayout|screenSize|uiMode|density"
58-->[:unityLibrary] AndroidManifest.xml:47:13-122
59            android:exported="true"
59-->[:unityLibrary] AndroidManifest.xml:48:13-36
60            android:hardwareAccelerated="false"
60-->[:unityLibrary] AndroidManifest.xml:49:13-48
61            android:launchMode="singleTask"
61-->[:unityLibrary] AndroidManifest.xml:50:13-44
62            android:resizeableActivity="false"
62-->[:unityLibrary] AndroidManifest.xml:51:13-47
63            android:screenOrientation="landscape"
63-->[:unityLibrary] AndroidManifest.xml:52:13-50
64            android:theme="@android:style/Theme.Black.NoTitleBar.Fullscreen" >
64-->[:unityLibrary] AndroidManifest.xml:53:13-77
65            <intent-filter>
65-->[:unityLibrary] AndroidManifest.xml:54:13-60:29
66                <category android:name="android.intent.category.LAUNCHER" />
66-->[:unityLibrary] AndroidManifest.xml:55:17-77
66-->[:unityLibrary] AndroidManifest.xml:55:27-74
67
68                <action android:name="android.intent.action.MAIN" />
68-->[:unityLibrary] AndroidManifest.xml:57:17-69
68-->[:unityLibrary] AndroidManifest.xml:57:25-66
69
70                <category android:name="com.oculus.intent.category.VR" />
70-->[:unityLibrary] AndroidManifest.xml:59:17-74
70-->[:unityLibrary] AndroidManifest.xml:59:27-71
71            </intent-filter>
72
73            <meta-data
73-->[:unityLibrary] AndroidManifest.xml:62:13-64:40
74                android:name="unityplayer.UnityActivity"
74-->[:unityLibrary] AndroidManifest.xml:63:17-57
75                android:value="true" />
75-->[:unityLibrary] AndroidManifest.xml:64:17-37
76            <meta-data
76-->[:unityLibrary] AndroidManifest.xml:65:13-67:40
77                android:name="notch_support"
77-->[:unityLibrary] AndroidManifest.xml:66:17-45
78                android:value="true" />
78-->[:unityLibrary] AndroidManifest.xml:67:17-37
79            <meta-data
79-->[:unityLibrary] AndroidManifest.xml:68:13-70:40
80                android:name="com.oculus.vr.focusaware"
80-->[:unityLibrary] AndroidManifest.xml:69:17-56
81                android:value="true" />
81-->[:unityLibrary] AndroidManifest.xml:70:17-37
82        </activity>
83
84        <meta-data
84-->[:unityLibrary] AndroidManifest.xml:73:9-75:39
85            android:name="com.samsung.android.vr.application.mode"
85-->[:unityLibrary] AndroidManifest.xml:74:13-67
86            android:value="vr_only" />
86-->[:unityLibrary] AndroidManifest.xml:75:13-36
87        <meta-data
87-->[:unityLibrary] AndroidManifest.xml:76:9-78:37
88            android:name="com.unity.xr.oculus.LowOverheadMode"
88-->[:unityLibrary] AndroidManifest.xml:77:13-63
89            android:value="false" />
89-->[:unityLibrary] AndroidManifest.xml:78:13-34
90        <meta-data
90-->[:unityLibrary] AndroidManifest.xml:79:9-81:37
91            android:name="com.unity.xr.oculus.LateLatching"
91-->[:unityLibrary] AndroidManifest.xml:80:13-60
92            android:value="false" />
92-->[:unityLibrary] AndroidManifest.xml:81:13-34
93        <meta-data
93-->[:unityLibrary] AndroidManifest.xml:82:9-84:37
94            android:name="com.unity.xr.oculus.LateLatchingDebug"
94-->[:unityLibrary] AndroidManifest.xml:83:13-65
95            android:value="false" />
95-->[:unityLibrary] AndroidManifest.xml:84:13-34
96        <meta-data
96-->[:unityLibrary] AndroidManifest.xml:85:9-87:38
97            android:name="com.oculus.supportedDevices"
97-->[:unityLibrary] AndroidManifest.xml:86:13-55
98            android:value="quest2" />
98-->[:unityLibrary] AndroidManifest.xml:87:13-35
99    </application>
100
101</manifest>